# JRE version: OpenJDK Runtime Environment Temurin-21.0.12.1+1 (21.0.12.1+1) (build 21.0.12.1+1-LTS)
# Java VM: OpenJDK 64-Bit Server VM Temurin-21.0.12.1+1 (21.0.12.1+1-LTS, mixed mode, sharing, tiered, compressed oops, compressed class ptrs, parallel gc, windows-amd64)
GC Precious Log:
 CardTable entry size: 512
 CPUs: 12 total, 12 available
 Memory: 7549M
 Large Page Support: Disabled
 NUMA Support: Disabled
 Compressed Oops: Enabled (32-bit)
 Alignments: Space 512K, Generation 512K, Heap 2M
 Heap Min Capacity: 100M
 Heap Initial Capacity: 100M
 Heap Max Capacity: 2G
 Pre-touch: Disabled
 Parallel Workers: 10
Heap:
 PSYoungGen      total 5120K, used 1784K [0x00000000d5580000, 0x00000000d5c80000, 0x0000000100000000)
  eden space 4608K, 27% used [0x00000000d5580000,0x00000000d56c11b0,0x00000000d5a00000)
  from space 512K, 97% used [0x00000000d5c00000,0x00000000d5c7d200,0x00000000d5c80000)
  to   space 1024K, 0% used [0x00000000d5a80000,0x00000000d5a80000,0x00000000d5b80000)
 ParOldGen       total 893952K, used 893495K [0x0000000080000000, 0x00000000b6900000, 0x00000000d5580000)
  object space 893952K, 99% used [0x0000000080000000,0x00000000b688dde0,0x00000000b6900000)
 Metaspace       used 75412K, committed 77120K, reserved 1179648K
  class space    used 8071K, committed 8896K, reserved 1048576K
GC Heap History (20 events):
Event: 1665.764 GC heap before
{Heap before GC invocations=1462 (full 3):
 PSYoungGen      total 5120K, used 3376K [0x00000000d5580000, 0x00000000d5c80000, 0x0000000100000000)
  eden space 4608K, 67% used [0x00000000d5580000,0x00000000d588d840,0x00000000d5a00000)
  from space 512K, 48% used [0x00000000d5c00000,0x00000000d5c3e900,0x00000000d5c80000)
  to   space 512K, 0% used [0x00000000d5b80000,0x00000000d5b80000,0x00000000d5c00000)
 ParOldGen       total 885248K, used 885220K [0x0000000080000000, 0x00000000b6080000, 0x00000000d5580000)
  object space 885248K, 99% used [0x0000000080000000,0x00000000b6079090,0x00000000b6080000)
 Metaspace       used 75299K, committed 76992K, reserved 1179648K
  class space    used 8062K, committed 8896K, reserved 1048576K
}
Event: 1665.766 GC heap after
{Heap after GC invocations=1462 (full 3):
 PSYoungGen      total 5120K, used 314K [0x00000000d5580000, 0x00000000d5c80000, 0x0000000100000000)
  eden space 4608K, 0% used [0x00000000d5580000,0x00000000d5580000,0x00000000d5a00000)
  from space 512K, 61% used [0x00000000d5b80000,0x00000000d5bce900,0x00000000d5c00000)
  to   space 512K, 0% used [0x00000000d5c00000,0x00000000d5c00000,0x00000000d5c80000)
 ParOldGen       total 885760K, used 885268K [0x0000000080000000, 0x00000000b6100000, 0x00000000d5580000)
  object space 885760K, 99% used [0x0000000080000000,0x00000000b6085090,0x00000000b6100000)
 Metaspace       used 75299K, committed 76992K, reserved 1179648K
  class space    used 8062K, committed 8896K, reserved 1048576K
}
Event: 1665.777 GC heap before
{Heap before GC invocations=1463 (full 3):
 PSYoungGen      total 5120K, used 4437K [0x00000000d5580000, 0x00000000d5c80000, 0x0000000100000000)
  eden space 4608K, 89% used [0x00000000d5580000,0x00000000d5986c70,0x00000000d5a00000)
  from space 512K, 61% used [0x00000000d5b80000,0x00000000d5bce900,0x00000000d5c00000)
  to   space 512K, 0% used [0x00000000d5c00000,0x00000000d5c00000,0x00000000d5c80000)
 ParOldGen       total 885760K, used 885268K [0x0000000080000000, 0x00000000b6100000, 0x00000000d5580000)
  object space 885760K, 99% used [0x0000000080000000,0x00000000b6085090,0x00000000b6100000)
 Metaspace       used 75305K, committed 76992K, reserved 1179648K
  class space    used 8062K, committed 8896K, reserved 1048576K
}
Event: 1665.779 GC heap after
{Heap after GC invocations=1463 (full 3):
 PSYoungGen      total 5120K, used 224K [0x00000000d5580000, 0x00000000d5c80000, 0x0000000100000000)
  eden space 4608K, 0% used [0x00000000d5580000,0x00000000d5580000,0x00000000d5a00000)
  from space 512K, 43% used [0x00000000d5c00000,0x00000000d5c38000,0x00000000d5c80000)
  to   space 512K, 0% used [0x00000000d5b80000,0x00000000d5b80000,0x00000000d5c00000)
 ParOldGen       total 885760K, used 885376K [0x0000000080000000, 0x00000000b6100000, 0x00000000d5580000)
  object space 885760K, 99% used [0x0000000080000000,0x00000000b60a0290,0x00000000b6100000)
 Metaspace       used 75305K, committed 76992K, reserved 1179648K
  class space    used 8062K, committed 8896K, reserved 1048576K
}
Event: 1665.799 GC heap before
{Heap before GC invocations=1464 (full 3):
 PSYoungGen      total 5120K, used 4751K [0x00000000d5580000, 0x00000000d5c80000, 0x0000000100000000)
  eden space 4608K, 98% used [0x00000000d5580000,0x00000000d59ebec8,0x00000000d5a00000)
  from space 512K, 43% used [0x00000000d5c00000,0x00000000d5c38000,0x00000000d5c80000)
  to   space 512K, 0% used [0x00000000d5b80000,0x00000000d5b80000,0x00000000d5c00000)
 ParOldGen       total 885760K, used 885376K [0x0000000080000000, 0x00000000b6100000, 0x00000000d5580000)
  object space 885760K, 99% used [0x0000000080000000,0x00000000b60a0290,0x00000000b6100000)
 Metaspace       used 75308K, committed 77056K, reserved 1179648K
  class space    used 8062K, committed 8896K, reserved 1048576K
}
Event: 1665.801 GC heap after
{Heap after GC invocations=1464 (full 3):
 PSYoungGen      total 5120K, used 512K [0x00000000d5580000, 0x00000000d5c80000, 0x0000000100000000)
  eden space 4608K, 0% used [0x00000000d5580000,0x00000000d5580000,0x00000000d5a00000)
  from space 512K, 100% used [0x00000000d5b80000,0x00000000d5c00000,0x00000000d5c00000)
  to   space 512K, 0% used [0x00000000d5c00000,0x00000000d5c00000,0x00000000d5c80000)
 ParOldGen       total 889856K, used 888965K [0x0000000080000000, 0x00000000b6500000, 0x00000000d5580000)
  object space 889856K, 99% used [0x0000000080000000,0x00000000b6421730,0x00000000b6500000)
 Metaspace       used 75308K, committed 77056K, reserved 1179648K
  class space    used 8062K, committed 8896K, reserved 1048576K
}
Event: 1665.810 GC heap before
{Heap before GC invocations=1465 (full 3):
 PSYoungGen      total 5120K, used 4902K [0x00000000d5580000, 0x00000000d5c80000, 0x0000000100000000)
  eden space 4608K, 95% used [0x00000000d5580000,0x00000000d59c9920,0x00000000d5a00000)
  from space 512K, 100% used [0x00000000d5b80000,0x00000000d5c00000,0x00000000d5c00000)
  to   space 512K, 0% used [0x00000000d5c00000,0x00000000d5c00000,0x00000000d5c80000)
 ParOldGen       total 889856K, used 888965K [0x0000000080000000, 0x00000000b6500000, 0x00000000d5580000)
  object space 889856K, 99% used [0x0000000080000000,0x00000000b6421730,0x00000000b6500000)
 Metaspace       used 75308K, committed 77056K, reserved 1179648K
  class space    used 8062K, committed 8896K, reserved 1048576K
}
Event: 1665.812 GC heap after
{Heap after GC invocations=1465 (full 3):
 PSYoungGen      total 5120K, used 256K [0x00000000d5580000, 0x00000000d5c80000, 0x0000000100000000)
  eden space 4608K, 0% used [0x00000000d5580000,0x00000000d5580000,0x00000000d5a00000)
  from space 512K, 50% used [0x00000000d5c00000,0x00000000d5c40000,0x00000000d5c80000)
  to   space 512K, 0% used [0x00000000d5b80000,0x00000000d5b80000,0x00000000d5c00000)
 ParOldGen       total 889856K, used 889293K [0x0000000080000000, 0x00000000b6500000, 0x00000000d5580000)
  object space 889856K, 99% used [0x0000000080000000,0x00000000b6473740,0x00000000b6500000)
 Metaspace       used 75308K, committed 77056K, reserved 1179648K
  class space    used 8062K, committed 8896K, reserved 1048576K
}
Event: 1665.831 GC heap before
{Heap before GC invocations=1466 (full 3):
 PSYoungGen      total 5120K, used 4849K [0x00000000d5580000, 0x00000000d5c80000, 0x0000000100000000)
  eden space 4608K, 99% used [0x00000000d5580000,0x00000000d59fc6a8,0x00000000d5a00000)
  from space 512K, 50% used [0x00000000d5c00000,0x00000000d5c40000,0x00000000d5c80000)
  to   space 512K, 0% used [0x00000000d5b80000,0x00000000d5b80000,0x00000000d5c00000)
 ParOldGen       total 889856K, used 889293K [0x0000000080000000, 0x00000000b6500000, 0x00000000d5580000)
  object space 889856K, 99% used [0x0000000080000000,0x00000000b6473740,0x00000000b6500000)
 Metaspace       used 75308K, committed 77056K, reserved 1179648K
  class space    used 8062K, committed 8896K, reserved 1048576K
}
Event: 1665.834 GC heap after
{Heap after GC invocations=1466 (full 3):
 PSYoungGen      total 5120K, used 224K [0x00000000d5580000, 0x00000000d5c80000, 0x0000000100000000)
  eden space 4608K, 0% used [0x00000000d5580000,0x00000000d5580000,0x00000000d5a00000)
  from space 512K, 43% used [0x00000000d5b80000,0x00000000d5bb8000,0x00000000d5c00000)
  to   space 512K, 0% used [0x00000000d5c00000,0x00000000d5c00000,0x00000000d5c80000)
 ParOldGen       total 893952K, used 892858K [0x0000000080000000, 0x00000000b6900000, 0x00000000d5580000)
  object space 893952K, 99% used [0x0000000080000000,0x00000000b67eebe0,0x00000000b6900000)
 Metaspace       used 75308K, committed 77056K, reserved 1179648K
  class space    used 8062K, committed 8896K, reserved 1048576K
}
Event: 1665.951 GC heap before
{Heap before GC invocations=1467 (full 3):
 PSYoungGen      total 5120K, used 4832K [0x00000000d5580000, 0x00000000d5c80000, 0x0000000100000000)
  eden space 4608K, 100% used [0x00000000d5580000,0x00000000d5a00000,0x00000000d5a00000)
  from space 512K, 43% used [0x00000000d5b80000,0x00000000d5bb8000,0x00000000d5c00000)
  to   space 512K, 0% used [0x00000000d5c00000,0x00000000d5c00000,0x00000000d5c80000)
 ParOldGen       total 893952K, used 892858K [0x0000000080000000, 0x00000000b6900000, 0x00000000d5580000)
  object space 893952K, 99% used [0x0000000080000000,0x00000000b67eebe0,0x00000000b6900000)
 Metaspace       used 75344K, committed 77120K, reserved 1179648K
  class space    used 8069K, committed 8896K, reserved 1048576K
}
Event: 1665.954 GC heap after
{Heap after GC invocations=1467 (full 3):
 PSYoungGen      total 5120K, used 410K [0x00000000d5580000, 0x00000000d5c80000, 0x0000000100000000)
  eden space 4608K, 0% used [0x00000000d5580000,0x00000000d5580000,0x00000000d5a00000)
  from space 512K, 80% used [0x00000000d5c00000,0x00000000d5c66900,0x00000000d5c80000)
  to   space 512K, 0% used [0x00000000d5b80000,0x00000000d5b80000,0x00000000d5c00000)
 ParOldGen       total 893952K, used 892890K [0x0000000080000000, 0x00000000b6900000, 0x00000000d5580000)
  object space 893952K, 99% used [0x0000000080000000,0x00000000b67f6be0,0x00000000b6900000)
 Metaspace       used 75344K, committed 77120K, reserved 1179648K
  class space    used 8069K, committed 8896K, reserved 1048576K
}
Event: 1665.976 GC heap before
{Heap before GC invocations=1468 (full 3):
 PSYoungGen      total 5120K, used 4169K [0x00000000d5580000, 0x00000000d5c80000, 0x0000000100000000)
  eden space 4608K, 81% used [0x00000000d5580000,0x00000000d592bd80,0x00000000d5a00000)
  from space 512K, 80% used [0x00000000d5c00000,0x00000000d5c66900,0x00000000d5c80000)
  to   space 512K, 0% used [0x00000000d5b80000,0x00000000d5b80000,0x00000000d5c00000)
 ParOldGen       total 893952K, used 892890K [0x0000000080000000, 0x00000000b6900000, 0x00000000d5580000)
  object space 893952K, 99% used [0x0000000080000000,0x00000000b67f6be0,0x00000000b6900000)
 Metaspace       used 75361K, committed 77120K, reserved 1179648K
  class space    used 8069K, committed 8896K, reserved 1048576K
}
Event: 1665.978 GC heap after
{Heap after GC invocations=1468 (full 3):
 PSYoungGen      total 5120K, used 288K [0x00000000d5580000, 0x00000000d5c80000, 0x0000000100000000)
  eden space 4608K, 0% used [0x00000000d5580000,0x00000000d5580000,0x00000000d5a00000)
  from space 512K, 56% used [0x00000000d5b80000,0x00000000d5bc8000,0x00000000d5c00000)
  to   space 512K, 0% used [0x00000000d5c00000,0x00000000d5c00000,0x00000000d5c80000)
 ParOldGen       total 893952K, used 893039K [0x0000000080000000, 0x00000000b6900000, 0x00000000d5580000)
  object space 893952K, 99% used [0x0000000080000000,0x00000000b681bde0,0x00000000b6900000)
 Metaspace       used 75361K, committed 77120K, reserved 1179648K
  class space    used 8069K, committed 8896K, reserved 1048576K
}
Event: 1665.987 GC heap before
{Heap before GC invocations=1469 (full 3):
 PSYoungGen      total 5120K, used 4896K [0x00000000d5580000, 0x00000000d5c80000, 0x0000000100000000)
  eden space 4608K, 100% used [0x00000000d5580000,0x00000000d5a00000,0x00000000d5a00000)
  from space 512K, 56% used [0x00000000d5b80000,0x00000000d5bc8000,0x00000000d5c00000)
  to   space 512K, 0% used [0x00000000d5c00000,0x00000000d5c00000,0x00000000d5c80000)
 ParOldGen       total 893952K, used 893039K [0x0000000080000000, 0x00000000b6900000, 0x00000000d5580000)
  object space 893952K, 99% used [0x0000000080000000,0x00000000b681bde0,0x00000000b6900000)
 Metaspace       used 75364K, committed 77120K, reserved 1179648K
  class space    used 8069K, committed 8896K, reserved 1048576K
}
Event: 1665.989 GC heap after
{Heap after GC invocations=1469 (full 3):
 PSYoungGen      total 5120K, used 160K [0x00000000d5580000, 0x00000000d5c80000, 0x0000000100000000)
  eden space 4608K, 0% used [0x00000000d5580000,0x00000000d5580000,0x00000000d5a00000)
  from space 512K, 31% used [0x00000000d5c00000,0x00000000d5c28000,0x00000000d5c80000)
  to   space 512K, 0% used [0x00000000d5b80000,0x00000000d5b80000,0x00000000d5c00000)
 ParOldGen       total 893952K, used 893191K [0x0000000080000000, 0x00000000b6900000, 0x00000000d5580000)
  object space 893952K, 99% used [0x0000000080000000,0x00000000b6841de0,0x00000000b6900000)
 Metaspace       used 75364K, committed 77120K, reserved 1179648K
  class space    used 8069K, committed 8896K, reserved 1048576K
}
Event: 1665.999 GC heap before
{Heap before GC invocations=1470 (full 3):
 PSYoungGen      total 5120K, used 4768K [0x00000000d5580000, 0x00000000d5c80000, 0x0000000100000000)
  eden space 4608K, 100% used [0x00000000d5580000,0x00000000d5a00000,0x00000000d5a00000)
  from space 512K, 31% used [0x00000000d5c00000,0x00000000d5c28000,0x00000000d5c80000)
  to   space 512K, 0% used [0x00000000d5b80000,0x00000000d5b80000,0x00000000d5c00000)
 ParOldGen       total 893952K, used 893191K [0x0000000080000000, 0x00000000b6900000, 0x00000000d5580000)
  object space 893952K, 99% used [0x0000000080000000,0x00000000b6841de0,0x00000000b6900000)
 Metaspace       used 75364K, committed 77120K, reserved 1179648K
  class space    used 8069K, committed 8896K, reserved 1048576K
}
Event: 1666.001 GC heap after
{Heap after GC invocations=1470 (full 3):
 PSYoungGen      total 5120K, used 224K [0x00000000d5580000, 0x00000000d5c80000, 0x0000000100000000)
  eden space 4608K, 0% used [0x00000000d5580000,0x00000000d5580000,0x00000000d5a00000)
  from space 512K, 43% used [0x00000000d5b80000,0x00000000d5bb8000,0x00000000d5c00000)
  to   space 512K, 0% used [0x00000000d5c00000,0x00000000d5c00000,0x00000000d5c80000)
 ParOldGen       total 893952K, used 893239K [0x0000000080000000, 0x00000000b6900000, 0x00000000d5580000)
  object space 893952K, 99% used [0x0000000080000000,0x00000000b684dde0,0x00000000b6900000)
 Metaspace       used 75364K, committed 77120K, reserved 1179648K
  class space    used 8069K, committed 8896K, reserved 1048576K
}
Event: 1666.028 GC heap before
{Heap before GC invocations=1471 (full 3):
 PSYoungGen      total 5120K, used 4832K [0x00000000d5580000, 0x00000000d5c80000, 0x0000000100000000)
  eden space 4608K, 100% used [0x00000000d5580000,0x00000000d5a00000,0x00000000d5a00000)
  from space 512K, 43% used [0x00000000d5b80000,0x00000000d5bb8000,0x00000000d5c00000)
  to   space 512K, 0% used [0x00000000d5c00000,0x00000000d5c00000,0x00000000d5c80000)
 ParOldGen       total 893952K, used 893239K [0x0000000080000000, 0x00000000b6900000, 0x00000000d5580000)
  object space 893952K, 99% used [0x0000000080000000,0x00000000b684dde0,0x00000000b6900000)
 Metaspace       used 75375K, committed 77120K, reserved 1179648K
  class space    used 8069K, committed 8896K, reserved 1048576K
}
Event: 1666.031 GC heap after
{Heap after GC invocations=1471 (full 3):
 PSYoungGen      total 5120K, used 500K [0x00000000d5580000, 0x00000000d5c80000, 0x0000000100000000)
  eden space 4608K, 0% used [0x00000000d5580000,0x00000000d5580000,0x00000000d5a00000)
  from space 512K, 97% used [0x00000000d5c00000,0x00000000d5c7d200,0x00000000d5c80000)
  to   space 1024K, 0% used [0x00000000d5a80000,0x00000000d5a80000,0x00000000d5b80000)
 ParOldGen       total 893952K, used 893495K [0x0000000080000000, 0x00000000b6900000, 0x00000000d5580000)
  object space 893952K, 99% used [0x0000000080000000,0x00000000b688dde0,0x00000000b6900000)
 Metaspace       used 75375K, committed 77120K, reserved 1179648K
  class space    used 8069K, committed 8896K, reserved 1048576K
}

