# JRE version: OpenJDK Runtime Environment Temurin-21.0.12.1+1 (21.0.12.1+1) (build 21.0.12.1+1-LTS)
# Java VM: OpenJDK 64-Bit Server VM Temurin-21.0.12.1+1 (21.0.12.1+1-LTS, mixed mode, sharing, tiered, compressed oops, compressed class ptrs, parallel gc, windows-amd64)
GC Precious Log:
 CardTable entry size: 512
 CPUs: 12 total, 12 available
 Memory: 7549M
 Large Page Support: Disabled
 NUMA Support: Disabled
 Compressed Oops: Enabled (32-bit)
 Alignments: Space 512K, Generation 512K, Heap 2M
 Heap Min Capacity: 100M
 Heap Initial Capacity: 100M
 Heap Max Capacity: 2G
 Pre-touch: Disabled
 Parallel Workers: 10
Heap:
 PSYoungGen      total 20480K, used 8576K [0x00000000d5580000, 0x00000000d6b80000, 0x0000000100000000)
  eden space 18432K, 36% used [0x00000000d5580000,0x00000000d5c283d0,0x00000000d6780000)
  from space 2048K, 85% used [0x00000000d6980000,0x00000000d6b38010,0x00000000d6b80000)
  to   space 2048K, 0% used [0x00000000d6780000,0x00000000d6780000,0x00000000d6980000)
 ParOldGen       total 76800K, used 71739K [0x0000000080000000, 0x0000000084b00000, 0x00000000d5580000)
  object space 76800K, 93% used [0x0000000080000000,0x000000008460ecd0,0x0000000084b00000)
 Metaspace       used 61802K, committed 63168K, reserved 1114112K
  class space    used 6580K, committed 7168K, reserved 1048576K
GC Heap History (20 events):
Event: 63.473 GC heap before
{Heap before GC invocations=70 (full 3):
 PSYoungGen      total 20480K, used 20469K [0x00000000d5580000, 0x00000000d6b80000, 0x0000000100000000)
  eden space 19456K, 100% used [0x00000000d5580000,0x00000000d6880000,0x00000000d6880000)
  from space 1024K, 99% used [0x00000000d6a80000,0x00000000d6b7d7e8,0x00000000d6b80000)
  to   space 1536K, 0% used [0x00000000d6880000,0x00000000d6880000,0x00000000d6a00000)
 ParOldGen       total 76800K, used 60473K [0x0000000080000000, 0x0000000084b00000, 0x00000000d5580000)
  object space 76800K, 78% used [0x0000000080000000,0x0000000083b0e788,0x0000000084b00000)
 Metaspace       used 60448K, committed 61824K, reserved 1114112K
  class space    used 6439K, committed 7040K, reserved 1048576K
}
Event: 63.475 GC heap after
{Heap after GC invocations=70 (full 3):
 PSYoungGen      total 20992K, used 1078K [0x00000000d5580000, 0x00000000d6b80000, 0x0000000100000000)
  eden space 19456K, 0% used [0x00000000d5580000,0x00000000d5580000,0x00000000d6880000)
  from space 1536K, 70% used [0x00000000d6880000,0x00000000d698d940,0x00000000d6a00000)
  to   space 1536K, 0% used [0x00000000d6a00000,0x00000000d6a00000,0x00000000d6b80000)
 ParOldGen       total 76800K, used 61315K [0x0000000080000000, 0x0000000084b00000, 0x00000000d5580000)
  object space 76800K, 79% used [0x0000000080000000,0x0000000083be0d58,0x0000000084b00000)
 Metaspace       used 60448K, committed 61824K, reserved 1114112K
  class space    used 6439K, committed 7040K, reserved 1048576K
}
Event: 63.576 GC heap before
{Heap before GC invocations=71 (full 3):
 PSYoungGen      total 20992K, used 20534K [0x00000000d5580000, 0x00000000d6b80000, 0x0000000100000000)
  eden space 19456K, 100% used [0x00000000d5580000,0x00000000d6880000,0x00000000d6880000)
  from space 1536K, 70% used [0x00000000d6880000,0x00000000d698d940,0x00000000d6a00000)
  to   space 1536K, 0% used [0x00000000d6a00000,0x00000000d6a00000,0x00000000d6b80000)
 ParOldGen       total 76800K, used 61315K [0x0000000080000000, 0x0000000084b00000, 0x00000000d5580000)
  object space 76800K, 79% used [0x0000000080000000,0x0000000083be0d58,0x0000000084b00000)
 Metaspace       used 60455K, committed 61888K, reserved 1114112K
  class space    used 6439K, committed 7040K, reserved 1048576K
}
Event: 63.581 GC heap after
{Heap after GC invocations=71 (full 3):
 PSYoungGen      total 20992K, used 1290K [0x00000000d5580000, 0x00000000d6b80000, 0x0000000100000000)
  eden space 19456K, 0% used [0x00000000d5580000,0x00000000d5580000,0x00000000d6880000)
  from space 1536K, 84% used [0x00000000d6a00000,0x00000000d6b42a00,0x00000000d6b80000)
  to   space 1536K, 0% used [0x00000000d6880000,0x00000000d6880000,0x00000000d6a00000)
 ParOldGen       total 76800K, used 63022K [0x0000000080000000, 0x0000000084b00000, 0x00000000d5580000)
  object space 76800K, 82% used [0x0000000080000000,0x0000000083d8baf8,0x0000000084b00000)
 Metaspace       used 60455K, committed 61888K, reserved 1114112K
  class space    used 6439K, committed 7040K, reserved 1048576K
}
Event: 63.685 GC heap before
{Heap before GC invocations=72 (full 3):
 PSYoungGen      total 20992K, used 20746K [0x00000000d5580000, 0x00000000d6b80000, 0x0000000100000000)
  eden space 19456K, 100% used [0x00000000d5580000,0x00000000d6880000,0x00000000d6880000)
  from space 1536K, 84% used [0x00000000d6a00000,0x00000000d6b42a00,0x00000000d6b80000)
  to   space 1536K, 0% used [0x00000000d6880000,0x00000000d6880000,0x00000000d6a00000)
 ParOldGen       total 76800K, used 63022K [0x0000000080000000, 0x0000000084b00000, 0x00000000d5580000)
  object space 76800K, 82% used [0x0000000080000000,0x0000000083d8baf8,0x0000000084b00000)
 Metaspace       used 60456K, committed 61888K, reserved 1114112K
  class space    used 6439K, committed 7040K, reserved 1048576K
}
Event: 63.688 GC heap after
{Heap after GC invocations=72 (full 3):
 PSYoungGen      total 20992K, used 1301K [0x00000000d5580000, 0x00000000d6b80000, 0x0000000100000000)
  eden space 19456K, 0% used [0x00000000d5580000,0x00000000d5580000,0x00000000d6880000)
  from space 1536K, 84% used [0x00000000d6880000,0x00000000d69c57e8,0x00000000d6a00000)
  to   space 1536K, 0% used [0x00000000d6a00000,0x00000000d6a00000,0x00000000d6b80000)
 ParOldGen       total 76800K, used 64163K [0x0000000080000000, 0x0000000084b00000, 0x00000000d5580000)
  object space 76800K, 83% used [0x0000000080000000,0x0000000083ea8ff8,0x0000000084b00000)
 Metaspace       used 60456K, committed 61888K, reserved 1114112K
  class space    used 6439K, committed 7040K, reserved 1048576K
}
Event: 63.752 GC heap before
{Heap before GC invocations=73 (full 3):
 PSYoungGen      total 20992K, used 20757K [0x00000000d5580000, 0x00000000d6b80000, 0x0000000100000000)
  eden space 19456K, 99% used [0x00000000d5580000,0x00000000d687fff0,0x00000000d6880000)
  from space 1536K, 84% used [0x00000000d6880000,0x00000000d69c57e8,0x00000000d6a00000)
  to   space 1536K, 0% used [0x00000000d6a00000,0x00000000d6a00000,0x00000000d6b80000)
 ParOldGen       total 76800K, used 64163K [0x0000000080000000, 0x0000000084b00000, 0x00000000d5580000)
  object space 76800K, 83% used [0x0000000080000000,0x0000000083ea8ff8,0x0000000084b00000)
 Metaspace       used 60457K, committed 61888K, reserved 1114112K
  class space    used 6439K, committed 7040K, reserved 1048576K
}
Event: 63.757 GC heap after
{Heap after GC invocations=73 (full 3):
 PSYoungGen      total 20992K, used 1149K [0x00000000d5580000, 0x00000000d6b80000, 0x0000000100000000)
  eden space 19456K, 0% used [0x00000000d5580000,0x00000000d5580000,0x00000000d6880000)
  from space 1536K, 74% used [0x00000000d6a00000,0x00000000d6b1f6c0,0x00000000d6b80000)
  to   space 1536K, 0% used [0x00000000d6880000,0x00000000d6880000,0x00000000d6a00000)
 ParOldGen       total 76800K, used 66851K [0x0000000080000000, 0x0000000084b00000, 0x00000000d5580000)
  object space 76800K, 87% used [0x0000000080000000,0x0000000084148e48,0x0000000084b00000)
 Metaspace       used 60457K, committed 61888K, reserved 1114112K
  class space    used 6439K, committed 7040K, reserved 1048576K
}
Event: 63.781 GC heap before
{Heap before GC invocations=74 (full 3):
 PSYoungGen      total 20992K, used 20605K [0x00000000d5580000, 0x00000000d6b80000, 0x0000000100000000)
  eden space 19456K, 100% used [0x00000000d5580000,0x00000000d6880000,0x00000000d6880000)
  from space 1536K, 74% used [0x00000000d6a00000,0x00000000d6b1f6c0,0x00000000d6b80000)
  to   space 1536K, 0% used [0x00000000d6880000,0x00000000d6880000,0x00000000d6a00000)
 ParOldGen       total 76800K, used 66851K [0x0000000080000000, 0x0000000084b00000, 0x00000000d5580000)
  object space 76800K, 87% used [0x0000000080000000,0x0000000084148e48,0x0000000084b00000)
 Metaspace       used 60457K, committed 61888K, reserved 1114112K
  class space    used 6439K, committed 7040K, reserved 1048576K
}
Event: 63.783 GC heap after
{Heap after GC invocations=74 (full 3):
 PSYoungGen      total 19968K, used 416K [0x00000000d5580000, 0x00000000d6a80000, 0x0000000100000000)
  eden space 19456K, 0% used [0x00000000d5580000,0x00000000d5580000,0x00000000d6880000)
  from space 512K, 81% used [0x00000000d6880000,0x00000000d68e8000,0x00000000d6900000)
  to   space 1024K, 0% used [0x00000000d6980000,0x00000000d6980000,0x00000000d6a80000)
 ParOldGen       total 76800K, used 67814K [0x0000000080000000, 0x0000000084b00000, 0x00000000d5580000)
  object space 76800K, 88% used [0x0000000080000000,0x00000000842399b0,0x0000000084b00000)
 Metaspace       used 60457K, committed 61888K, reserved 1114112K
  class space    used 6439K, committed 7040K, reserved 1048576K
}
Event: 63.809 GC heap before
{Heap before GC invocations=75 (full 3):
 PSYoungGen      total 19968K, used 19872K [0x00000000d5580000, 0x00000000d6a80000, 0x0000000100000000)
  eden space 19456K, 100% used [0x00000000d5580000,0x00000000d6880000,0x00000000d6880000)
  from space 512K, 81% used [0x00000000d6880000,0x00000000d68e8000,0x00000000d6900000)
  to   space 1024K, 0% used [0x00000000d6980000,0x00000000d6980000,0x00000000d6a80000)
 ParOldGen       total 76800K, used 67814K [0x0000000080000000, 0x0000000084b00000, 0x00000000d5580000)
  object space 76800K, 88% used [0x0000000080000000,0x00000000842399b0,0x0000000084b00000)
 Metaspace       used 60457K, committed 61888K, reserved 1114112K
  class space    used 6439K, committed 7040K, reserved 1048576K
}
Event: 63.811 GC heap after
{Heap after GC invocations=75 (full 3):
 PSYoungGen      total 19968K, used 480K [0x00000000d5580000, 0x00000000d6a00000, 0x0000000100000000)
  eden space 19456K, 0% used [0x00000000d5580000,0x00000000d5580000,0x00000000d6880000)
  from space 512K, 93% used [0x00000000d6980000,0x00000000d69f8000,0x00000000d6a00000)
  to   space 512K, 0% used [0x00000000d6880000,0x00000000d6880000,0x00000000d6900000)
 ParOldGen       total 76800K, used 68195K [0x0000000080000000, 0x0000000084b00000, 0x00000000d5580000)
  object space 76800K, 88% used [0x0000000080000000,0x0000000084298d08,0x0000000084b00000)
 Metaspace       used 60457K, committed 61888K, reserved 1114112K
  class space    used 6439K, committed 7040K, reserved 1048576K
}
Event: 63.836 GC heap before
{Heap before GC invocations=76 (full 3):
 PSYoungGen      total 19968K, used 19936K [0x00000000d5580000, 0x00000000d6a00000, 0x0000000100000000)
  eden space 19456K, 100% used [0x00000000d5580000,0x00000000d6880000,0x00000000d6880000)
  from space 512K, 93% used [0x00000000d6980000,0x00000000d69f8000,0x00000000d6a00000)
  to   space 512K, 0% used [0x00000000d6880000,0x00000000d6880000,0x00000000d6900000)
 ParOldGen       total 76800K, used 68195K [0x0000000080000000, 0x0000000084b00000, 0x00000000d5580000)
  object space 76800K, 88% used [0x0000000080000000,0x0000000084298d08,0x0000000084b00000)
 Metaspace       used 60457K, committed 61888K, reserved 1114112K
  class space    used 6439K, committed 7040K, reserved 1048576K
}
Event: 63.837 GC heap after
{Heap after GC invocations=76 (full 3):
 PSYoungGen      total 19968K, used 448K [0x00000000d5580000, 0x00000000d6a00000, 0x0000000100000000)
  eden space 19456K, 0% used [0x00000000d5580000,0x00000000d5580000,0x00000000d6880000)
  from space 512K, 87% used [0x00000000d6880000,0x00000000d68f0000,0x00000000d6900000)
  to   space 512K, 0% used [0x00000000d6980000,0x00000000d6980000,0x00000000d6a00000)
 ParOldGen       total 76800K, used 68579K [0x0000000080000000, 0x0000000084b00000, 0x00000000d5580000)
  object space 76800K, 89% used [0x0000000080000000,0x00000000842f8d08,0x0000000084b00000)
 Metaspace       used 60457K, committed 61888K, reserved 1114112K
  class space    used 6439K, committed 7040K, reserved 1048576K
}
Event: 63.896 GC heap before
{Heap before GC invocations=77 (full 3):
 PSYoungGen      total 19968K, used 19904K [0x00000000d5580000, 0x00000000d6a00000, 0x0000000100000000)
  eden space 19456K, 100% used [0x00000000d5580000,0x00000000d6880000,0x00000000d6880000)
  from space 512K, 87% used [0x00000000d6880000,0x00000000d68f0000,0x00000000d6900000)
  to   space 512K, 0% used [0x00000000d6980000,0x00000000d6980000,0x00000000d6a00000)
 ParOldGen       total 76800K, used 68579K [0x0000000080000000, 0x0000000084b00000, 0x00000000d5580000)
  object space 76800K, 89% used [0x0000000080000000,0x00000000842f8d08,0x0000000084b00000)
 Metaspace       used 60457K, committed 61888K, reserved 1114112K
  class space    used 6439K, committed 7040K, reserved 1048576K
}
Event: 63.899 GC heap after
{Heap after GC invocations=77 (full 3):
 PSYoungGen      total 18944K, used 502K [0x00000000d5580000, 0x00000000d6c80000, 0x0000000100000000)
  eden space 18432K, 0% used [0x00000000d5580000,0x00000000d5580000,0x00000000d6780000)
  from space 512K, 98% used [0x00000000d6980000,0x00000000d69fda60,0x00000000d6a00000)
  to   space 2048K, 0% used [0x00000000d6780000,0x00000000d6780000,0x00000000d6980000)
 ParOldGen       total 76800K, used 69776K [0x0000000080000000, 0x0000000084b00000, 0x00000000d5580000)
  object space 76800K, 90% used [0x0000000080000000,0x00000000844243a0,0x0000000084b00000)
 Metaspace       used 60457K, committed 61888K, reserved 1114112K
  class space    used 6439K, committed 7040K, reserved 1048576K
}
Event: 63.999 GC heap before
{Heap before GC invocations=78 (full 3):
 PSYoungGen      total 18944K, used 18934K [0x00000000d5580000, 0x00000000d6c80000, 0x0000000100000000)
  eden space 18432K, 100% used [0x00000000d5580000,0x00000000d6780000,0x00000000d6780000)
  from space 512K, 98% used [0x00000000d6980000,0x00000000d69fda60,0x00000000d6a00000)
  to   space 2048K, 0% used [0x00000000d6780000,0x00000000d6780000,0x00000000d6980000)
 ParOldGen       total 76800K, used 69776K [0x0000000080000000, 0x0000000084b00000, 0x00000000d5580000)
  object space 76800K, 90% used [0x0000000080000000,0x00000000844243a0,0x0000000084b00000)
 Metaspace       used 60593K, committed 62016K, reserved 1114112K
  class space    used 6451K, committed 7040K, reserved 1048576K
}
Event: 64.001 GC heap after
{Heap after GC invocations=78 (full 3):
 PSYoungGen      total 20480K, used 1568K [0x00000000d5580000, 0x00000000d6b80000, 0x0000000100000000)
  eden space 18432K, 0% used [0x00000000d5580000,0x00000000d5580000,0x00000000d6780000)
  from space 2048K, 76% used [0x00000000d6780000,0x00000000d6908000,0x00000000d6980000)
  to   space 2048K, 0% used [0x00000000d6980000,0x00000000d6980000,0x00000000d6b80000)
 ParOldGen       total 76800K, used 70311K [0x0000000080000000, 0x0000000084b00000, 0x00000000d5580000)
  object space 76800K, 91% used [0x0000000080000000,0x00000000844a9e00,0x0000000084b00000)
 Metaspace       used 60593K, committed 62016K, reserved 1114112K
  class space    used 6451K, committed 7040K, reserved 1048576K
}
Event: 64.272 GC heap before
{Heap before GC invocations=79 (full 3):
 PSYoungGen      total 20480K, used 20000K [0x00000000d5580000, 0x00000000d6b80000, 0x0000000100000000)
  eden space 18432K, 100% used [0x00000000d5580000,0x00000000d6780000,0x00000000d6780000)
  from space 2048K, 76% used [0x00000000d6780000,0x00000000d6908000,0x00000000d6980000)
  to   space 2048K, 0% used [0x00000000d6980000,0x00000000d6980000,0x00000000d6b80000)
 ParOldGen       total 76800K, used 70311K [0x0000000080000000, 0x0000000084b00000, 0x00000000d5580000)
  object space 76800K, 91% used [0x0000000080000000,0x00000000844a9e00,0x0000000084b00000)
 Metaspace       used 61355K, committed 62784K, reserved 1114112K
  class space    used 6551K, committed 7168K, reserved 1048576K
}
Event: 64.276 GC heap after
{Heap after GC invocations=79 (full 3):
 PSYoungGen      total 20480K, used 1760K [0x00000000d5580000, 0x00000000d6b80000, 0x0000000100000000)
  eden space 18432K, 0% used [0x00000000d5580000,0x00000000d5580000,0x00000000d6780000)
  from space 2048K, 85% used [0x00000000d6980000,0x00000000d6b38010,0x00000000d6b80000)
  to   space 2048K, 0% used [0x00000000d6780000,0x00000000d6780000,0x00000000d6980000)
 ParOldGen       total 76800K, used 71739K [0x0000000080000000, 0x0000000084b00000, 0x00000000d5580000)
  object space 76800K, 93% used [0x0000000080000000,0x000000008460ecd0,0x0000000084b00000)
 Metaspace       used 61355K, committed 62784K, reserved 1114112K
  class space    used 6551K, committed 7168K, reserved 1048576K
}

